<?xml version="1.0" encoding="UTF-8"?>
<testng-results ignored="0" total="1" passed="1" failed="0" skipped="0">
  <reporter-output>
  </reporter-output>
  <suite started-at="2024-09-10T21:00:52 IST" name="Default suite" finished-at="2024-09-10T21:01:14 IST" duration-ms="22078">
    <groups>
    </groups>
    <test started-at="2024-09-10T21:00:52 IST" name="Default test" finished-at="2024-09-10T21:01:14 IST" duration-ms="22078">
      <class name="com.example.qa.test.TransactionsPageTest">
        <test-method is-config="true" signature="browserstart()[pri:0, instance:com.example.qa.test.TransactionsPageTest@f09733f]" started-at="2024-09-10T21:00:52 IST" name="browserstart" finished-at="2024-09-10T21:00:59 IST" duration-ms="6944" status="PASS">
          <reporter-output>
          </reporter-output>
        </test-method> <!-- browserstart -->
        <test-method signature="VarifyTransactionsPageOptionTest()[pri:0, instance:com.example.qa.test.TransactionsPageTest@f09733f]" started-at="2024-09-10T21:00:59 IST" name="VarifyTransactionsPageOptionTest" finished-at="2024-09-10T21:01:08 IST" duration-ms="9549" status="PASS">
          <reporter-output>
          </reporter-output>
        </test-method> <!-- VarifyTransactionsPageOptionTest -->
        <test-method is-config="true" signature="VarifyLogout()[pri:0, instance:com.example.qa.test.TransactionsPageTest@f09733f]" started-at="2024-09-10T21:01:08 IST" name="VarifyLogout" finished-at="2024-09-10T21:01:14 IST" duration-ms="5536" status="PASS">
          <reporter-output>
          </reporter-output>
        </test-method> <!-- VarifyLogout -->
      </class> <!-- com.example.qa.test.TransactionsPageTest -->
    </test> <!-- Default test -->
  </suite> <!-- Default suite -->
</testng-results>
